#
# There is insufficient memory for the Java Runtime Environment to continue.
# Native memory allocation (mmap) failed to map 268435456 bytes for G1 virtual space
# Possible reasons:
#   The system is out of physical RAM or swap space
#   The process is running with CompressedOops enabled, and the Java Heap may be blocking the growth of the native heap
# Possible solutions:
#   Reduce memory load on the system
#   Increase physical memory or swap space
#   Check if swap backing store is full
#   Decrease Java heap size (-Xmx/-Xms)
#   Decrease number of Java threads
#   Decrease Java thread stack sizes (-Xss)
#   Set larger code cache with -XX:ReservedCodeCacheSize=
#   JVM is running with Zero Based Compressed Oops mode in which the Java heap is
#     placed in the first 32GB address space. The Java Heap base address is the
#     maximum limit for the native heap growth. Please use -XX:HeapBaseMinAddress
#     to set the Java Heap base and to place the Java Heap above 32GB virtual address.
# This output file may be truncated or incomplete.
#
#  Out of Memory Error (os_windows.cpp:3617), pid=14340, tid=15240
#
# JRE version:  (17.0.8.1+1) (build )
# Java VM: OpenJDK 64-Bit Server VM (17.0.8.1+1, mixed mode, sharing, tiered, compressed oops, compressed class ptrs, g1 gc, windows-amd64)
# No core dump will be written. Minidumps are not enabled by default on client versions of Windows
#

---------------  S U M M A R Y ------------

Command Line: -XX:+ShowCodeDetailsInExceptionMessages -agentlib:jdwp=transport=dt_socket,suspend=y,address=localhost:51116 -javaagent:C:\Users\thiag\eclipse\java-2023-09\eclipse\configuration\org.eclipse.osgi\252\0\.cp\lib\javaagent-shaded.jar -Dfile.encoding=UTF-8 -Dstdout.encoding=UTF-8 -Dstderr.encoding=UTF-8 application.App

Host: Intel(R) Xeon(R) CPU E5-2620 v3 @ 2.40GHz, 12 cores, 15G,  Windows 11 , 64 bit Build 22621 (10.0.22621.1194)
Time: Wed Sep 20 17:58:50 2023 Hora Padrão da Bahia elapsed time: 0.009983 seconds (0d 0h 0m 0s)

---------------  T H R E A D  ---------------

Current thread (0x000002b99c546a10):  JavaThread "Unknown thread" [_thread_in_vm, id=15240, stack(0x000000e2c1a00000,0x000000e2c1b00000)]

Stack: [0x000000e2c1a00000,0x000000e2c1b00000]
Native frames: (J=compiled Java code, j=interpreted, Vv=VM code, C=native code)
V  [jvm.dll+0x678b0a]
V  [jvm.dll+0x835e84]
V  [jvm.dll+0x83762e]
V  [jvm.dll+0x837c93]
V  [jvm.dll+0x24746f]
V  [jvm.dll+0x675859]
V  [jvm.dll+0x66a0ea]
V  [jvm.dll+0x306c7b]
V  [jvm.dll+0x30e166]
V  [jvm.dll+0x35dd3e]
V  [jvm.dll+0x35df6f]
V  [jvm.dll+0x2ddb48]
V  [jvm.dll+0x2deab4]
V  [jvm.dll+0x807f31]
V  [jvm.dll+0x36bb21]
V  [jvm.dll+0x7e733c]
V  [jvm.dll+0x3ee4af]
V  [jvm.dll+0x3f00c1]
C  [jli.dll+0x528b]
C  [ucrtbase.dll+0x29363]
C  [KERNEL32.DLL+0x126bd]
C  [ntdll.dll+0x5dfb8]


---------------  P R O C E S S  ---------------

Threads class SMR info:
_java_thread_list=0x00007ffd2575a018, length=0, elements={
}

Java Threads: ( => current thread )

Other Threads:
  0x000002b99c5b0ff0 GCTaskThread "GC Thread#0" [stack: 0x000000e2c1b00000,0x000000e2c1c00000] [id=15332]
  0x000002b9ba8a2010 ConcurrentGCThread "G1 Main Marker" [stack: 0x000000e2c1c00000,0x000000e2c1d00000] [id=7048]
  0x000002b9ba8a2a20 ConcurrentGCThread "G1 Conc#0" [stack: 0x000000e2c1d00000,0x000000e2c1e00000] [id=10120]

[error occurred during error reporting (printing all threads), id 0xc0000005, EXCEPTION_ACCESS_VIOLATION (0xc0000005) at pc=0x00007ffd24f2e587]

VM state: not at safepoint (not fully initialized)

VM Mutex/Monitor currently owned by a thread:  ([mutex/lock_event])
[0x000002b99c541050] Heap_lock - owner thread: 0x000002b99c546a10

Heap address: 0x0000000701600000, size: 4074 MB, Compressed Oops mode: Zero based, Oop shift amount: 3

CDS archive(s) mapped at: [0x0000000000000000-0x0000000000000000-0x0000000000000000), size 0, SharedBaseAddress: 0x0000000800000000, ArchiveRelocationMode: 1.
Narrow klass base: 0x0000000000000000, Narrow klass shift: 0, Narrow klass range: 0x0

GC Precious Log:
<Empty>

Heap:
 garbage-first heap   total 0K, used 0K [0x0000000701600000, 0x0000000800000000)
  region size 2048K, 0 young (0K), 0 survivors (0K)

[error occurred during error reporting (printing heap information), id 0xc0000005, EXCEPTION_ACCESS_VIOLATION (0xc0000005) at pc=0x00007ffd25312699]

GC Heap History (0 events):
No events

Dll operation events (1 events):
Event: 0.007 Loaded shared library C:\Users\thiag\.p2\pool\plugins\org.eclipse.justj.openjdk.hotspot.jre.full.win32.x86_64_17.0.8.v20230831-1047\jre\bin\java.dll

Deoptimization events (0 events):
No events

Classes unloaded (0 events):
No events

Classes redefined (0 events):
No events

Internal exceptions (0 events):
No events

VM Operations (0 events):
No events

Events (0 events):
No events


Dynamic libraries:
0x00007ff67d330000 - 0x00007ff67d33e000 	C:\Users\thiag\.p2\pool\plugins\org.eclipse.justj.openjdk.hotspot.jre.full.win32.x86_64_17.0.8.v20230831-1047\jre\bin\javaw.exe
0x00007ffd50c90000 - 0x00007ffd50ea4000 	C:\Windows\SYSTEM32\ntdll.dll
0x00007ffd4fa20000 - 0x00007ffd4fae3000 	C:\Windows\System32\KERNEL32.DLL
0x00007ffd4e350000 - 0x00007ffd4e6ec000 	C:\Windows\System32\KERNELBASE.dll
0x00007ffd4b4d0000 - 0x00007ffd4b567000 	C:\Windows\SYSTEM32\apphelp.dll
0x00007ffd4e6f0000 - 0x00007ffd4e801000 	C:\Windows\System32\ucrtbase.dll
0x00007ffd421e0000 - 0x00007ffd421f7000 	C:\Users\thiag\.p2\pool\plugins\org.eclipse.justj.openjdk.hotspot.jre.full.win32.x86_64_17.0.8.v20230831-1047\jre\bin\jli.dll
0x00007ffd43cd0000 - 0x00007ffd43ce9000 	C:\Users\thiag\.p2\pool\plugins\org.eclipse.justj.openjdk.hotspot.jre.full.win32.x86_64_17.0.8.v20230831-1047\jre\bin\VCRUNTIME140.dll
0x00007ffd4eaa0000 - 0x00007ffd4ec4d000 	C:\Windows\System32\USER32.dll
0x00007ffd381a0000 - 0x00007ffd3842e000 	C:\Windows\WinSxS\amd64_microsoft.windows.common-controls_6595b64144ccf1df_6.0.22621.608_none_a9444ca7c10bb01d\COMCTL32.dll
0x00007ffd4e810000 - 0x00007ffd4e836000 	C:\Windows\System32\win32u.dll
0x00007ffd4f970000 - 0x00007ffd4fa17000 	C:\Windows\System32\msvcrt.dll
0x00007ffd4ec50000 - 0x00007ffd4ec79000 	C:\Windows\System32\GDI32.dll
0x00007ffd4e980000 - 0x00007ffd4ea92000 	C:\Windows\System32\gdi32full.dll
0x00007ffd4e2b0000 - 0x00007ffd4e34a000 	C:\Windows\System32\msvcp_win.dll
0x00007ffd504a0000 - 0x00007ffd504d2000 	C:\Windows\System32\IMM32.DLL
0x00007ffd43e60000 - 0x00007ffd43e6c000 	C:\Users\thiag\.p2\pool\plugins\org.eclipse.justj.openjdk.hotspot.jre.full.win32.x86_64_17.0.8.v20230831-1047\jre\bin\vcruntime140_1.dll
0x00007ffd2a050000 - 0x00007ffd2a0e1000 	C:\Users\thiag\.p2\pool\plugins\org.eclipse.justj.openjdk.hotspot.jre.full.win32.x86_64_17.0.8.v20230831-1047\jre\bin\msvcp140.dll
0x00007ffd24c40000 - 0x00007ffd2588c000 	C:\Users\thiag\.p2\pool\plugins\org.eclipse.justj.openjdk.hotspot.jre.full.win32.x86_64_17.0.8.v20230831-1047\jre\bin\server\jvm.dll
0x00007ffd506b0000 - 0x00007ffd5075e000 	C:\Windows\System32\ADVAPI32.dll
0x00007ffd4efa0000 - 0x00007ffd4f044000 	C:\Windows\System32\sechost.dll
0x00007ffd4ec80000 - 0x00007ffd4ed95000 	C:\Windows\System32\RPCRT4.dll
0x00007ffd47a30000 - 0x00007ffd47a39000 	C:\Windows\SYSTEM32\WSOCK32.dll
0x00007ffd4dfa0000 - 0x00007ffd4dfed000 	C:\Windows\SYSTEM32\POWRPROF.dll
0x00007ffd39660000 - 0x00007ffd39694000 	C:\Windows\SYSTEM32\WINMM.dll
0x00007ffd501f0000 - 0x00007ffd50261000 	C:\Windows\System32\WS2_32.dll
0x00007ffd47c00000 - 0x00007ffd47c0a000 	C:\Windows\SYSTEM32\VERSION.dll
0x00007ffd4df80000 - 0x00007ffd4df93000 	C:\Windows\SYSTEM32\UMPDC.dll
0x00007ffd4d120000 - 0x00007ffd4d138000 	C:\Windows\SYSTEM32\kernel.appcore.dll
0x00007ffd43cc0000 - 0x00007ffd43cca000 	C:\Users\thiag\.p2\pool\plugins\org.eclipse.justj.openjdk.hotspot.jre.full.win32.x86_64_17.0.8.v20230831-1047\jre\bin\jimage.dll
0x00007ffd1bdd0000 - 0x00007ffd1bffe000 	C:\Windows\SYSTEM32\DBGHELP.DLL
0x00007ffd508b0000 - 0x00007ffd50c3a000 	C:\Windows\System32\combase.dll
0x00007ffd50110000 - 0x00007ffd501e7000 	C:\Windows\System32\OLEAUT32.dll
0x00007ffd46f80000 - 0x00007ffd46fb2000 	C:\Windows\SYSTEM32\dbgcore.DLL
0x00007ffd4e840000 - 0x00007ffd4e8bb000 	C:\Windows\System32\bcryptPrimitives.dll
0x00007ffd2b240000 - 0x00007ffd2b27b000 	C:\Users\thiag\.p2\pool\plugins\org.eclipse.justj.openjdk.hotspot.jre.full.win32.x86_64_17.0.8.v20230831-1047\jre\bin\jdwp.dll
0x00007ffd43f30000 - 0x00007ffd43f3e000 	C:\Users\thiag\.p2\pool\plugins\org.eclipse.justj.openjdk.hotspot.jre.full.win32.x86_64_17.0.8.v20230831-1047\jre\bin\instrument.dll
0x00007ffd37510000 - 0x00007ffd37535000 	C:\Users\thiag\.p2\pool\plugins\org.eclipse.justj.openjdk.hotspot.jre.full.win32.x86_64_17.0.8.v20230831-1047\jre\bin\java.dll

dbghelp: loaded successfully - version: 4.0.5 - missing functions: none
symbol engine: initialized successfully - sym options: 0x614 - pdb path: .;C:\Users\thiag\.p2\pool\plugins\org.eclipse.justj.openjdk.hotspot.jre.full.win32.x86_64_17.0.8.v20230831-1047\jre\bin;C:\Windows\SYSTEM32;C:\Windows\WinSxS\amd64_microsoft.windows.common-controls_6595b64144ccf1df_6.0.22621.608_none_a9444ca7c10bb01d;C:\Users\thiag\.p2\pool\plugins\org.eclipse.justj.openjdk.hotspot.jre.full.win32.x86_64_17.0.8.v20230831-1047\jre\bin\server

VM Arguments:
jvm_args: -XX:+ShowCodeDetailsInExceptionMessages -agentlib:jdwp=transport=dt_socket,suspend=y,address=localhost:51116 -javaagent:C:\Users\thiag\eclipse\java-2023-09\eclipse\configuration\org.eclipse.osgi\252\0\.cp\lib\javaagent-shaded.jar -Dfile.encoding=UTF-8 -Dstdout.encoding=UTF-8 -Dstderr.encoding=UTF-8 
java_command: application.App
java_class_path (initial): C:\Users\thiag\Eclipse-WS\Agenda&Ctt\bin
Launcher Type: SUN_STANDARD

[Global flags]
     intx CICompilerCount                          = 4                                         {product} {ergonomic}
     uint ConcGCThreads                            = 3                                         {product} {ergonomic}
     uint G1ConcRefinementThreads                  = 10                                        {product} {ergonomic}
   size_t G1HeapRegionSize                         = 2097152                                   {product} {ergonomic}
    uintx GCDrainStackTargetSize                   = 64                                        {product} {ergonomic}
   size_t InitialHeapSize                          = 268435456                                 {product} {ergonomic}
   size_t MarkStackSize                            = 4194304                                   {product} {ergonomic}
   size_t MaxHeapSize                              = 4271898624                                {product} {ergonomic}
   size_t MinHeapDeltaBytes                        = 2097152                                   {product} {ergonomic}
   size_t MinHeapSize                              = 8388608                                   {product} {ergonomic}
    uintx NonNMethodCodeHeapSize                   = 5839372                                {pd product} {ergonomic}
    uintx NonProfiledCodeHeapSize                  = 122909434                              {pd product} {ergonomic}
    uintx ProfiledCodeHeapSize                     = 122909434                              {pd product} {ergonomic}
    uintx ReservedCodeCacheSize                    = 251658240                              {pd product} {ergonomic}
     bool SegmentedCodeCache                       = true                                      {product} {ergonomic}
     bool ShowCodeDetailsInExceptionMessages       = true                                   {manageable} {command line}
   size_t SoftMaxHeapSize                          = 4271898624                             {manageable} {ergonomic}
     bool UseCompressedClassPointers               = true                           {product lp64_product} {ergonomic}
     bool UseCompressedOops                        = true                           {product lp64_product} {ergonomic}
     bool UseG1GC                                  = true                                      {product} {ergonomic}
     bool UseLargePagesIndividualAllocation        = false                                  {pd product} {ergonomic}

Logging:
Log output configuration:
 #0: stdout all=warning uptime,level,tags
 #1: stderr all=off uptime,level,tags

Environment Variables:
PATH=C:\Users\thiag\.p2\pool\plugins\org.eclipse.justj.openjdk.hotspot.jre.full.win32.x86_64_17.0.8.v20230831-1047\jre\bin;C:/Users/thiag/.p2/pool/plugins/org.eclipse.justj.openjdk.hotspot.jre.full.win32.x86_64_17.0.8.v20230831-1047/jre/bin/server;C:/Users/thiag/.p2/pool/plugins/org.eclipse.justj.openjdk.hotspot.jre.full.win32.x86_64_17.0.8.v20230831-1047/jre/bin;C:\Windows\system32;C:\Windows;C:\Windows\System32\Wbem;C:\Windows\System32\WindowsPowerShell\v1.0\;C:\Windows\System32\OpenSSH\;C:\Users\thiag\AppData\Local\Microsoft\WindowsApps;;C:\Windows\system32;
USERNAME=thiag
OS=Windows_NT
PROCESSOR_IDENTIFIER=Intel64 Family 6 Model 63 Stepping 2, GenuineIntel
TMP=C:\Users\thiag\AppData\Local\Temp
TEMP=C:\Users\thiag\AppData\Local\Temp



---------------  S Y S T E M  ---------------

OS:
 Windows 11 , 64 bit Build 22621 (10.0.22621.1194)
OS uptime: 5 days 10:20 hours

CPU: total 12 (initial active 12) (6 cores per cpu, 2 threads per core) family 6 model 63 stepping 2 microcode 0x44, cx8, cmov, fxsr, ht, mmx, sse, sse2, sse3, ssse3, sse4.1, sse4.2, popcnt, lzcnt, tsc, tscinvbit, avx, avx2, aes, erms, clmul, bmi1, bmi2, fma, vzeroupper, clflush
Processor Information for all 12 processors :
  Max Mhz: 2401, Current Mhz: 2401, Mhz Limit: 2401

Memory: 4k page, system-wide physical 16289M (8294M free)
TotalPageFile size 24481M (AvailPageFile size 46M)
current process WorkingSet (physical memory assigned to process): 12M, peak: 12M
current process commit charge ("private bytes"): 64M, peak: 320M

vm_info: OpenJDK 64-Bit Server VM (17.0.8.1+1) for windows-amd64 JRE (17.0.8.1+1), built on Aug 23 2023 15:29:17 by "admin" with MS VC++ 16.7 (VS2019)

END.
